# JRE version: Java(TM) SE Runtime Environment (9.0+11) (build 9.0.4+11)
# Java VM: Java HotSpot(TM) 64-Bit Server VM (9.0.4+11, mixed mode, tiered, compressed oops, g1 gc, windows-amd64)
Heap:
 garbage-first heap   total 403456K, used 153105K [0x0000000700000000, 0x0000000700100c50, 0x00000007c0000000)
  region size 1024K, 33 young (33792K), 2 survivors (2048K)
 Metaspace       used 102485K, capacity 109275K, committed 109436K, reserved 1142784K
  class space    used 14720K, capacity 15894K, committed 15996K, reserved 1048576K
GC Heap History (10 events):
Event: 1856.831 GC heap before
{Heap before GC invocations=411 (full 34):
 garbage-first heap   total 403456K, used 182219K [0x0000000700000000, 0x0000000700100c50, 0x00000007c0000000)
  region size 1024K, 60 young (61440K), 1 survivors (1024K)
 Metaspace       used 102466K, capacity 109275K, committed 109436K, reserved 1142784K
  class space    used 14720K, capacity 15894K, committed 15996K, reserved 1048576K
}
Event: 1856.834 GC heap after
{Heap after GC invocations=412 (full 34):
 garbage-first heap   total 403456K, used 121785K [0x0000000700000000, 0x0000000700100c50, 0x00000007c0000000)
  region size 1024K, 1 young (1024K), 1 survivors (1024K)
 Metaspace       used 102466K, capacity 109275K, committed 109436K, reserved 1142784K
  class space    used 14720K, capacity 15894K, committed 15996K, reserved 1048576K
}
Event: 1857.009 GC heap before
{Heap before GC invocations=412 (full 34):
 garbage-first heap   total 403456K, used 182201K [0x0000000700000000, 0x0000000700100c50, 0x00000007c0000000)
  region size 1024K, 60 young (61440K), 1 survivors (1024K)
 Metaspace       used 102469K, capacity 109275K, committed 109436K, reserved 1142784K
  class space    used 14720K, capacity 15894K, committed 15996K, reserved 1048576K
}
Event: 1857.012 GC heap after
{Heap after GC invocations=413 (full 34):
 garbage-first heap   total 403456K, used 121892K [0x0000000700000000, 0x0000000700100c50, 0x00000007c0000000)
  region size 1024K, 1 young (1024K), 1 survivors (1024K)
 Metaspace       used 102469K, capacity 109275K, committed 109436K, reserved 1142784K
  class space    used 14720K, capacity 15894K, committed 15996K, reserved 1048576K
}
Event: 1857.191 GC heap before
{Heap before GC invocations=413 (full 34):
 garbage-first heap   total 403456K, used 182308K [0x0000000700000000, 0x0000000700100c50, 0x00000007c0000000)
  region size 1024K, 60 young (61440K), 1 survivors (1024K)
 Metaspace       used 102469K, capacity 109275K, committed 109436K, reserved 1142784K
  class space    used 14720K, capacity 15894K, committed 15996K, reserved 1048576K
}
Event: 1857.195 GC heap after
{Heap after GC invocations=414 (full 34):
 garbage-first heap   total 403456K, used 121908K [0x0000000700000000, 0x0000000700100c50, 0x00000007c0000000)
  region size 1024K, 1 young (1024K), 1 survivors (1024K)
 Metaspace       used 102469K, capacity 109275K, committed 109436K, reserved 1142784K
  class space    used 14720K, capacity 15894K, committed 15996K, reserved 1048576K
}
Event: 1857.684 GC heap before
{Heap before GC invocations=414 (full 34):
 garbage-first heap   total 403456K, used 182324K [0x0000000700000000, 0x0000000700100c50, 0x00000007c0000000)
  region size 1024K, 60 young (61440K), 1 survivors (1024K)
 Metaspace       used 102470K, capacity 109275K, committed 109436K, reserved 1142784K
  class space    used 14720K, capacity 15894K, committed 15996K, reserved 1048576K
}
Event: 1857.688 GC heap after
{Heap after GC invocations=415 (full 34):
 garbage-first heap   total 403456K, used 122522K [0x0000000700000000, 0x0000000700100c50, 0x00000007c0000000)
  region size 1024K, 2 young (2048K), 2 survivors (2048K)
 Metaspace       used 102470K, capacity 109275K, committed 109436K, reserved 1142784K
  class space    used 14720K, capacity 15894K, committed 15996K, reserved 1048576K
}
Event: 1862.431 GC heap before
{Heap before GC invocations=415 (full 34):
 garbage-first heap   total 403456K, used 181914K [0x0000000700000000, 0x0000000700100c50, 0x00000007c0000000)
  region size 1024K, 60 young (61440K), 2 survivors (2048K)
 Metaspace       used 102485K, capacity 109275K, committed 109436K, reserved 1142784K
  class space    used 14720K, capacity 15894K, committed 15996K, reserved 1048576K
}
Event: 1862.436 GC heap after
{Heap after GC invocations=416 (full 34):
 garbage-first heap   total 403456K, used 122385K [0x0000000700000000, 0x0000000700100c50, 0x00000007c0000000)
  region size 1024K, 2 young (2048K), 2 survivors (2048K)
 Metaspace       used 102485K, capacity 109275K, committed 109436K, reserved 1142784K
  class space    used 14720K, capacity 15894K, committed 15996K, reserved 1048576K
}

